<?xml version="1.0" encoding="UTF-8"?>
<beans xmlns="http://www.springframework.org/schema/beans"
       xmlns:xsi="http://www.w3.org/2001/XMLSchema-instance" xmlns:mvc="http://www.springframework.org/schema/mvc"
       xmlns:context="http://www.springframework.org/schema/context" xmlns:p="http://www.springframework.org/schema/p"
       xmlns:util="http://www.springframework.org/schema/util"
       xmlns:tx="http://www.springframework.org/schema/tx"
       xmlns:aop="http://www.springframework.org/schema/aop"
       xsi:schemaLocation="
			http://www.springframework.org/schema/mvc http://www.springframework.org/schema/mvc/spring-mvc-3.2.xsd
			http://www.springframework.org/schema/beans http://www.springframework.org/schema/beans/spring-beans-3.2.xsd
			http://www.springframework.org/schema/aop http://www.springframework.org/schema/aop/spring-aop-3.2.xsd
			http://www.springframework.org/schema/tx http://www.springframework.org/schema/tx/spring-tx-3.2.xsd
			http://www.springframework.org/schema/context http://www.springframework.org/schema/context/spring-context-3.2.xsd
	        http://www.springframework.org/schema/util http://www.springframework.org/schema/util/spring-util-3.0.xsd
			http://cxf.apache.org/jaxws http://cxf.apache.org/schemas/jaxws.xsd
			http://cxf.apache.org/core http://cxf.apache.org/schemas/core.xsd
			http://cxf.apache.org/jaxrs http://cxf.apache.org/schemas/jaxrs.xsd">
    <!-- 自动扫描包,将带有注解的类纳入spring容器管理 -->
    <context:component-scan base-package="com.liantuo.trade.common.message">
    </context:component-scan>
    <context:component-scan base-package="com.liantuo.trade.web">
    </context:component-scan>
    <!-- 国际化的消息资源文件（本系统中主要用于显示/错误消息定制） -->
    <bean id="messageSource" class="org.springframework.context.support.ReloadableResourceBundleMessageSource"
          scope="singleton">
        <property name="basenames">
            <list>
                <!-- 在web环境中一定要定位到classpath 否则默认到当前web应用下找 -->
                <value>classpath:config/properties/message/message</value>
            </list>
        </property>
        <property name="useCodeAsDefaultMessage" value="false"/>
        <property name="defaultEncoding" value="UTF-8"/>
        <property name="cacheSeconds" value="60"/>
    </bean>
    <bean id="messageCodeSource" class="org.springframework.context.support.ReloadableResourceBundleMessageSource"
          scope="singleton">
        <property name="basenames">
            <list>
                <!-- 在web环境中一定要定位到classpath 否则默认到当前web应用下找 -->
                <value>classpath:config/properties/message/message_code</value>
            </list>
        </property>
        <property name="useCodeAsDefaultMessage" value="false"/>
        <property name="defaultEncoding" value="UTF-8"/>
        <property name="cacheSeconds" value="60"/>
    </bean>
    <context:annotation-config/>
</beans>
